<?xml version="1.0" encoding="UTF-8"?>
<testng-results skipped="0" failed="0" ignored="0" total="1" passed="1">
  <reporter-output>
  </reporter-output>
  <suite name="Default suite" duration-ms="183843" started-at="2021-04-13T08:56:39Z" finished-at="2021-04-13T08:59:43Z">
    <groups>
    </groups>
    <test name="Default test" duration-ms="183843" started-at="2021-04-13T08:56:39Z" finished-at="2021-04-13T08:59:43Z">
      <class name="com.qa.tests.GetAPITest">
        <test-method status="PASS" signature="setUp()[pri:0, instance:com.qa.tests.GetAPITest@2b72cb8a]" name="setUp" is-config="true" duration-ms="42" started-at="2021-04-13T08:56:39Z" finished-at="2021-04-13T08:56:39Z">
          <reporter-output>
          </reporter-output>
        </test-method> <!-- setUp -->
        <test-method status="PASS" signature="getAPITest()[pri:0, instance:com.qa.tests.GetAPITest@2b72cb8a]" name="getAPITest" duration-ms="183489" started-at="2021-04-13T08:56:39Z" finished-at="2021-04-13T08:59:43Z">
          <reporter-output>
          </reporter-output>
        </test-method> <!-- getAPITest -->
      </class> <!-- com.qa.tests.GetAPITest -->
    </test> <!-- Default test -->
  </suite> <!-- Default suite -->
</testng-results>
