<?xml version="1.0" encoding="UTF-8"?>
<testng-results skipped="0" failed="0" ignored="0" total="1" passed="1">
  <reporter-output>
  </reporter-output>
  <suite name="Default suite" duration-ms="1464" started-at="2021-05-05T10:19:46Z" finished-at="2021-05-05T10:19:48Z">
    <groups>
    </groups>
    <test name="Default test" duration-ms="1464" started-at="2021-05-05T10:19:46Z" finished-at="2021-05-05T10:19:48Z">
      <class name="com.qa.tests.PostAPITest">
        <test-method status="PASS" signature="setUp()[pri:0, instance:com.qa.tests.PostAPITest@212bf671]" name="setUp" is-config="true" duration-ms="24" started-at="2021-05-05T10:19:47Z" finished-at="2021-05-05T10:19:47Z">
          <reporter-output>
          </reporter-output>
        </test-method> <!-- setUp -->
        <test-method status="PASS" signature="postApiTest()[pri:0, instance:com.qa.tests.PostAPITest@212bf671]" name="postApiTest" duration-ms="1390" started-at="2021-05-05T10:19:47Z" finished-at="2021-05-05T10:19:48Z">
          <reporter-output>
          </reporter-output>
        </test-method> <!-- postApiTest -->
      </class> <!-- com.qa.tests.PostAPITest -->
    </test> <!-- Default test -->
  </suite> <!-- Default suite -->
</testng-results>
